TN:
SF:src\modules\appointments\services\CreateAppointmentService.ts
FN:16,(anonymous_18)
FN:17,CreateAppointmentService
FN:22,(anonymous_20)
FNF:3
FNH:0
FNDA:0,(anonymous_18)
FNDA:0,CreateAppointmentService
FNDA:0,(anonymous_20)
DA:1,0
DA:2,0
DA:4,0
DA:16,0
DA:19,0
DA:22,0
DA:23,0
DA:25,0
DA:29,0
DA:30,0
DA:33,0
DA:38,0
DA:40,0
DA:42,0
LF:14
LH:0
BRDA:29,0,0,0
BRDA:29,0,1,0
BRF:2
BRH:0
end_of_record
TN:
SF:src\modules\users\services\AuthenticateUserService.ts
FN:21,(anonymous_18)
FN:22,AuthenticateUserService
FN:29,(anonymous_20)
FNF:3
FNH:0
FNDA:0,(anonymous_18)
FNDA:0,AuthenticateUserService
FNDA:0,(anonymous_20)
DA:1,0
DA:2,0
DA:3,0
DA:5,0
DA:21,0
DA:24,0
DA:26,0
DA:29,0
DA:30,0
DA:32,0
DA:33,0
DA:39,0
DA:44,0
DA:45,0
DA:50,0
DA:52,0
DA:58,0
DA:63,0
DA:65,0
LF:19
LH:0
BRDA:30,0,0,0
BRDA:32,1,0,0
BRDA:32,1,1,0
BRDA:44,2,0,0
BRDA:44,2,1,0
BRF:5
BRH:0
end_of_record
TN:
SF:src\modules\users\services\CreateUserService.ts
FN:14,(anonymous_18)
FN:15,CreateUserService
FN:23,(anonymous_20)
FNF:3
FNH:0
FNDA:0,(anonymous_18)
FNDA:0,CreateUserService
FNDA:0,(anonymous_20)
DA:1,0
DA:4,0
DA:14,0
DA:17,0
DA:20,0
DA:23,0
DA:24,0
DA:26,0
DA:27,0
DA:30,0
DA:32,0
DA:38,0
DA:40,0
DA:42,0
LF:14
LH:0
BRDA:24,0,0,0
BRDA:26,1,0,0
BRDA:26,1,1,0
BRF:3
BRH:0
end_of_record
TN:
SF:src\modules\users\services\SendForgotPasswordEmailService.ts
FN:14,(anonymous_18)
FN:15,SendForgotPasswordEmailService
FN:26,(anonymous_20)
FNF:3
FNH:3
FNDA:1,(anonymous_18)
FNDA:3,SendForgotPasswordEmailService
FNDA:3,(anonymous_20)
DA:1,1
DA:4,1
DA:14,1
DA:17,3
DA:20,3
DA:23,3
DA:26,3
DA:27,3
DA:29,3
DA:30,1
DA:33,4
DA:35,2
DA:40,1
DA:42,1
LF:14
LH:14
BRDA:27,0,0,3
BRDA:29,1,0,1
BRDA:29,1,1,2
BRF:3
BRH:3
end_of_record
TN:
SF:src\modules\users\services\UpdateUserAvatarService.ts
FN:15,(anonymous_18)
FN:16,UpdateUserAvatarService
FN:24,(anonymous_20)
FNF:3
FNH:0
FNDA:0,(anonymous_18)
FNDA:0,UpdateUserAvatarService
FNDA:0,(anonymous_20)
DA:1,0
DA:3,0
DA:15,0
DA:18,0
DA:21,0
DA:24,0
DA:25,0
DA:26,0
DA:27,0
DA:30,0
DA:31,0
DA:34,0
DA:36,0
DA:38,0
DA:40,0
DA:42,0
DA:44,0
LF:17
LH:0
BRDA:25,0,0,0
BRDA:25,0,1,0
BRDA:26,1,0,0
BRDA:26,1,1,0
BRDA:30,2,0,0
BRDA:30,2,1,0
BRF:6
BRH:0
end_of_record
